{"/Users/riyabansal/Desktop/CRM Application/server.js": {"path":"/Users/riyabansal/Desktop/CRM Application/server.js","statementMap":{"0":{"start":{"line":1,"column":21},"end":{"line":1,"column":55}},"1":{"start":{"line":2,"column":17},"end":{"line":2,"column":47}},"2":{"start":{"line":3,"column":17},"end":{"line":3,"column":36}},"3":{"start":{"line":4,"column":13},"end":{"line":4,"column":43}},"4":{"start":{"line":5,"column":16},"end":{"line":5,"column":34}},"5":{"start":{"line":6,"column":19},"end":{"line":6,"column":41}},"6":{"start":{"line":7,"column":12},"end":{"line":7,"column":21}},"7":{"start":{"line":9,"column":0},"end":{"line":9,"column":27}},"8":{"start":{"line":10,"column":0},"end":{"line":10,"column":49}},"9":{"start":{"line":12,"column":0},"end":{"line":12,"column":34}},"10":{"start":{"line":13,"column":11},"end":{"line":13,"column":30}},"11":{"start":{"line":14,"column":0},"end":{"line":16,"column":3}},"12":{"start":{"line":15,"column":4},"end":{"line":15,"column":48}},"13":{"start":{"line":17,"column":0},"end":{"line":20,"column":3}},"14":{"start":{"line":18,"column":4},"end":{"line":18,"column":40}},"15":{"start":{"line":22,"column":0},"end":{"line":22,"column":36}},"16":{"start":{"line":23,"column":0},"end":{"line":23,"column":36}},"17":{"start":{"line":24,"column":0},"end":{"line":24,"column":38}},"18":{"start":{"line":26,"column":0},"end":{"line":28,"column":2}},"19":{"start":{"line":27,"column":4},"end":{"line":27,"column":72}}},"fnMap":{"0":{"name":"(anonymous_0)","decl":{"start":{"line":14,"column":15},"end":{"line":14,"column":16}},"loc":{"start":{"line":14,"column":21},"end":{"line":16,"column":1}},"line":14},"1":{"name":"(anonymous_1)","decl":{"start":{"line":17,"column":16},"end":{"line":17,"column":17}},"loc":{"start":{"line":17,"column":22},"end":{"line":20,"column":1}},"line":17},"2":{"name":"(anonymous_2)","decl":{"start":{"line":26,"column":47},"end":{"line":26,"column":48}},"loc":{"start":{"line":26,"column":53},"end":{"line":28,"column":1}},"line":26}},"branchMap":{},"s":{"0":1,"1":1,"2":1,"3":1,"4":1,"5":1,"6":1,"7":1,"8":1,"9":1,"10":1,"11":1,"12":0,"13":1,"14":1,"15":1,"16":1,"17":1,"18":1,"19":1},"f":{"0":0,"1":1,"2":1},"b":{},"_coverageSchema":"1a1c01bbd47fc00a2c39e90264f33305004495a9","hash":"092f171c5d55e684b42366449302dc0a9525c67a"}
,"/Users/riyabansal/Desktop/CRM Application/configs/auth.config.js": {"path":"/Users/riyabansal/Desktop/CRM Application/configs/auth.config.js","statementMap":{"0":{"start":{"line":1,"column":0},"end":{"line":3,"column":1}}},"fnMap":{},"branchMap":{},"s":{"0":1},"f":{},"b":{},"_coverageSchema":"1a1c01bbd47fc00a2c39e90264f33305004495a9","hash":"08969a8dd5720b91815e69763f25e6bd52c19f9c"}
,"/Users/riyabansal/Desktop/CRM Application/configs/db.config.js": {"path":"/Users/riyabansal/Desktop/CRM Application/configs/db.config.js","statementMap":{"0":{"start":{"line":1,"column":0},"end":{"line":4,"column":1}}},"fnMap":{},"branchMap":{},"s":{"0":1},"f":{},"b":{},"_coverageSchema":"1a1c01bbd47fc00a2c39e90264f33305004495a9","hash":"421edf0fb927c7196074b7c84271d4161eaef72d"}
,"/Users/riyabansal/Desktop/CRM Application/configs/server.config.js": {"path":"/Users/riyabansal/Desktop/CRM Application/configs/server.config.js","statementMap":{"0":{"start":{"line":2,"column":0},"end":{"line":4,"column":1}},"1":{"start":{"line":3,"column":4},"end":{"line":3,"column":30}},"2":{"start":{"line":6,"column":0},"end":{"line":8,"column":1}}},"fnMap":{},"branchMap":{"0":{"loc":{"start":{"line":2,"column":0},"end":{"line":4,"column":1}},"type":"if","locations":[{"start":{"line":2,"column":0},"end":{"line":4,"column":1}},{"start":{},"end":{}}],"line":2}},"s":{"0":1,"1":1,"2":1},"f":{},"b":{"0":[1,0]},"_coverageSchema":"1a1c01bbd47fc00a2c39e90264f33305004495a9","hash":"332ad092ada4a4b48cc06d4167f45100077a0846"}
,"/Users/riyabansal/Desktop/CRM Application/controllers/auth.controller.js": {"path":"/Users/riyabansal/Desktop/CRM Application/controllers/auth.controller.js","statementMap":{"0":{"start":{"line":1,"column":13},"end":{"line":1,"column":44}},"1":{"start":{"line":2,"column":20},"end":{"line":2,"column":49}},"2":{"start":{"line":3,"column":18},"end":{"line":3,"column":47}},"3":{"start":{"line":4,"column":13},"end":{"line":4,"column":32}},"4":{"start":{"line":5,"column":10},"end":{"line":5,"column":33}},"5":{"start":{"line":6,"column":15},"end":{"line":6,"column":48}},"6":{"start":{"line":9,"column":0},"end":{"line":49,"column":1}},"7":{"start":{"line":11,"column":21},"end":{"line":11,"column":40}},"8":{"start":{"line":12,"column":4},"end":{"line":18,"column":5}},"9":{"start":{"line":13,"column":8},"end":{"line":17,"column":9}},"10":{"start":{"line":14,"column":12},"end":{"line":14,"column":55}},"11":{"start":{"line":16,"column":12},"end":{"line":16,"column":53}},"12":{"start":{"line":20,"column":20},"end":{"line":27,"column":5}},"13":{"start":{"line":30,"column":4},"end":{"line":48,"column":5}},"14":{"start":{"line":31,"column":28},"end":{"line":31,"column":54}},"15":{"start":{"line":32,"column":29},"end":{"line":40,"column":9}},"16":{"start":{"line":42,"column":8},"end":{"line":42,"column":43}},"17":{"start":{"line":44,"column":8},"end":{"line":44,"column":75}},"18":{"start":{"line":45,"column":8},"end":{"line":47,"column":10}},"19":{"start":{"line":51,"column":0},"end":{"line":88,"column":1}},"20":{"start":{"line":53,"column":17},"end":{"line":53,"column":62}},"21":{"start":{"line":55,"column":4},"end":{"line":60,"column":5}},"22":{"start":{"line":56,"column":8},"end":{"line":58,"column":11}},"23":{"start":{"line":59,"column":8},"end":{"line":59,"column":15}},"24":{"start":{"line":62,"column":4},"end":{"line":67,"column":5}},"25":{"start":{"line":63,"column":8},"end":{"line":65,"column":10}},"26":{"start":{"line":66,"column":8},"end":{"line":66,"column":15}},"27":{"start":{"line":69,"column":26},"end":{"line":69,"column":78}},"28":{"start":{"line":71,"column":4},"end":{"line":76,"column":5}},"29":{"start":{"line":72,"column":8},"end":{"line":75,"column":10}},"30":{"start":{"line":78,"column":16},"end":{"line":80,"column":6}},"31":{"start":{"line":82,"column":4},"end":{"line":87,"column":6}}},"fnMap":{"0":{"name":"(anonymous_0)","decl":{"start":{"line":9,"column":17},"end":{"line":9,"column":18}},"loc":{"start":{"line":9,"column":36},"end":{"line":49,"column":1}},"line":9},"1":{"name":"(anonymous_1)","decl":{"start":{"line":51,"column":17},"end":{"line":51,"column":18}},"loc":{"start":{"line":51,"column":36},"end":{"line":88,"column":1}},"line":51}},"branchMap":{"0":{"loc":{"start":{"line":12,"column":4},"end":{"line":18,"column":5}},"type":"if","locations":[{"start":{"line":12,"column":4},"end":{"line":18,"column":5}},{"start":{},"end":{}}],"line":12},"1":{"loc":{"start":{"line":13,"column":8},"end":{"line":17,"column":9}},"type":"if","locations":[{"start":{"line":13,"column":8},"end":{"line":17,"column":9}},{"start":{"line":15,"column":13},"end":{"line":17,"column":9}}],"line":13},"2":{"loc":{"start":{"line":13,"column":11},"end":{"line":13,"column":82}},"type":"binary-expr","locations":[{"start":{"line":13,"column":11},"end":{"line":13,"column":29}},{"start":{"line":13,"column":33},"end":{"line":13,"column":82}}],"line":13},"3":{"loc":{"start":{"line":55,"column":4},"end":{"line":60,"column":5}},"type":"if","locations":[{"start":{"line":55,"column":4},"end":{"line":60,"column":5}},{"start":{},"end":{}}],"line":55},"4":{"loc":{"start":{"line":62,"column":4},"end":{"line":67,"column":5}},"type":"if","locations":[{"start":{"line":62,"column":4},"end":{"line":67,"column":5}},{"start":{},"end":{}}],"line":62},"5":{"loc":{"start":{"line":71,"column":4},"end":{"line":76,"column":5}},"type":"if","locations":[{"start":{"line":71,"column":4},"end":{"line":76,"column":5}},{"start":{},"end":{}}],"line":71}},"s":{"0":1,"1":1,"2":1,"3":1,"4":1,"5":1,"6":1,"7":0,"8":0,"9":0,"10":0,"11":0,"12":0,"13":0,"14":0,"15":0,"16":0,"17":0,"18":0,"19":1,"20":0,"21":0,"22":0,"23":0,"24":0,"25":0,"26":0,"27":0,"28":0,"29":0,"30":0,"31":0},"f":{"0":0,"1":0},"b":{"0":[0,0],"1":[0,0],"2":[0,0],"3":[0,0],"4":[0,0],"5":[0,0]},"_coverageSchema":"1a1c01bbd47fc00a2c39e90264f33305004495a9","hash":"85f18a44a20e8e4124415960be469b02390c0c0a"}
,"/Users/riyabansal/Desktop/CRM Application/controllers/ticket.controller.js": {"path":"/Users/riyabansal/Desktop/CRM Application/controllers/ticket.controller.js","statementMap":{"0":{"start":{"line":1,"column":13},"end":{"line":1,"column":44}},"1":{"start":{"line":2,"column":15},"end":{"line":2,"column":48}},"2":{"start":{"line":3,"column":18},"end":{"line":3,"column":47}},"3":{"start":{"line":4,"column":24},"end":{"line":4,"column":59}},"4":{"start":{"line":5,"column":18},"end":{"line":5,"column":66}},"5":{"start":{"line":11,"column":0},"end":{"line":62,"column":2}},"6":{"start":{"line":13,"column":25},"end":{"line":19,"column":5}},"7":{"start":{"line":25,"column":21},"end":{"line":28,"column":6}},"8":{"start":{"line":31,"column":4},"end":{"line":31,"column":44}},"9":{"start":{"line":33,"column":4},"end":{"line":61,"column":5}},"10":{"start":{"line":34,"column":23},"end":{"line":34,"column":56}},"11":{"start":{"line":36,"column":8},"end":{"line":55,"column":9}},"12":{"start":{"line":38,"column":25},"end":{"line":40,"column":14}},"13":{"start":{"line":42,"column":12},"end":{"line":42,"column":49}},"14":{"start":{"line":43,"column":12},"end":{"line":43,"column":30}},"15":{"start":{"line":45,"column":12},"end":{"line":45,"column":54}},"16":{"start":{"line":46,"column":12},"end":{"line":46,"column":34}},"17":{"start":{"line":52,"column":12},"end":{"line":52,"column":147}},"18":{"start":{"line":54,"column":12},"end":{"line":54,"column":73}},"19":{"start":{"line":57,"column":8},"end":{"line":57,"column":82}},"20":{"start":{"line":58,"column":8},"end":{"line":60,"column":10}},"21":{"start":{"line":75,"column":0},"end":{"line":127,"column":1}},"22":{"start":{"line":78,"column":4},"end":{"line":92,"column":5}},"23":{"start":{"line":79,"column":8},"end":{"line":79,"column":60}},"24":{"start":{"line":80,"column":8},"end":{"line":85,"column":9}},"25":{"start":{"line":81,"column":12},"end":{"line":83,"column":14}},"26":{"start":{"line":84,"column":12},"end":{"line":84,"column":19}},"27":{"start":{"line":87,"column":8},"end":{"line":87,"column":84}},"28":{"start":{"line":88,"column":8},"end":{"line":90,"column":10}},"29":{"start":{"line":91,"column":8},"end":{"line":91,"column":15}},"30":{"start":{"line":93,"column":22},"end":{"line":95,"column":6}},"31":{"start":{"line":96,"column":4},"end":{"line":96,"column":23}},"32":{"start":{"line":97,"column":4},"end":{"line":126,"column":5}},"33":{"start":{"line":100,"column":8},"end":{"line":103,"column":86}},"34":{"start":{"line":104,"column":8},"end":{"line":104,"column":94}},"35":{"start":{"line":105,"column":28},"end":{"line":105,"column":47}},"36":{"start":{"line":107,"column":25},"end":{"line":111,"column":10}},"37":{"start":{"line":113,"column":25},"end":{"line":115,"column":10}},"38":{"start":{"line":117,"column":8},"end":{"line":118,"column":86}},"39":{"start":{"line":120,"column":8},"end":{"line":120,"column":76}},"40":{"start":{"line":122,"column":8},"end":{"line":122,"column":90}},"41":{"start":{"line":123,"column":8},"end":{"line":125,"column":10}},"42":{"start":{"line":129,"column":0},"end":{"line":159,"column":1}},"43":{"start":{"line":138,"column":21},"end":{"line":138,"column":23}},"44":{"start":{"line":140,"column":4},"end":{"line":142,"column":5}},"45":{"start":{"line":141,"column":8},"end":{"line":141,"column":43}},"46":{"start":{"line":144,"column":23},"end":{"line":146,"column":6}},"47":{"start":{"line":148,"column":4},"end":{"line":154,"column":5}},"48":{"start":{"line":150,"column":10},"end":{"line":154,"column":5}},"49":{"start":{"line":151,"column":8},"end":{"line":151,"column":38}},"50":{"start":{"line":153,"column":8},"end":{"line":153,"column":38}},"51":{"start":{"line":156,"column":20},"end":{"line":156,"column":47}},"52":{"start":{"line":158,"column":4},"end":{"line":158,"column":70}},"53":{"start":{"line":161,"column":0},"end":{"line":168,"column":1}},"54":{"start":{"line":163,"column":19},"end":{"line":165,"column":6}},"55":{"start":{"line":167,"column":4},"end":{"line":167,"column":64}}},"fnMap":{"0":{"name":"(anonymous_0)","decl":{"start":{"line":11,"column":23},"end":{"line":11,"column":24}},"loc":{"start":{"line":11,"column":42},"end":{"line":62,"column":1}},"line":11},"1":{"name":"(anonymous_1)","decl":{"start":{"line":75,"column":23},"end":{"line":75,"column":24}},"loc":{"start":{"line":75,"column":42},"end":{"line":127,"column":1}},"line":75},"2":{"name":"(anonymous_2)","decl":{"start":{"line":129,"column":24},"end":{"line":129,"column":25}},"loc":{"start":{"line":129,"column":43},"end":{"line":159,"column":1}},"line":129},"3":{"name":"(anonymous_3)","decl":{"start":{"line":161,"column":23},"end":{"line":161,"column":24}},"loc":{"start":{"line":161,"column":42},"end":{"line":168,"column":1}},"line":161}},"branchMap":{"0":{"loc":{"start":{"line":36,"column":8},"end":{"line":55,"column":9}},"type":"if","locations":[{"start":{"line":36,"column":8},"end":{"line":55,"column":9}},{"start":{},"end":{}}],"line":36},"1":{"loc":{"start":{"line":80,"column":8},"end":{"line":85,"column":9}},"type":"if","locations":[{"start":{"line":80,"column":8},"end":{"line":85,"column":9}},{"start":{},"end":{}}],"line":80},"2":{"loc":{"start":{"line":97,"column":4},"end":{"line":126,"column":5}},"type":"if","locations":[{"start":{"line":97,"column":4},"end":{"line":126,"column":5}},{"start":{"line":121,"column":9},"end":{"line":126,"column":5}}],"line":97},"3":{"loc":{"start":{"line":97,"column":7},"end":{"line":97,"column":120}},"type":"binary-expr","locations":[{"start":{"line":97,"column":7},"end":{"line":97,"column":36}},{"start":{"line":97,"column":40},"end":{"line":97,"column":69}},{"start":{"line":97,"column":73},"end":{"line":97,"column":120}}],"line":97},"4":{"loc":{"start":{"line":100,"column":23},"end":{"line":100,"column":82}},"type":"cond-expr","locations":[{"start":{"line":100,"column":54},"end":{"line":100,"column":68}},{"start":{"line":100,"column":70},"end":{"line":100,"column":82}}],"line":100},"5":{"loc":{"start":{"line":101,"column":29},"end":{"line":101,"column":106}},"type":"cond-expr","locations":[{"start":{"line":101,"column":66},"end":{"line":101,"column":86}},{"start":{"line":101,"column":88},"end":{"line":101,"column":106}}],"line":101},"6":{"loc":{"start":{"line":102,"column":32},"end":{"line":102,"column":118}},"type":"cond-expr","locations":[{"start":{"line":102,"column":72},"end":{"line":102,"column":95}},{"start":{"line":102,"column":97},"end":{"line":102,"column":118}}],"line":102},"7":{"loc":{"start":{"line":103,"column":24},"end":{"line":103,"column":86}},"type":"cond-expr","locations":[{"start":{"line":103,"column":56},"end":{"line":103,"column":71}},{"start":{"line":103,"column":73},"end":{"line":103,"column":86}}],"line":103},"8":{"loc":{"start":{"line":104,"column":26},"end":{"line":104,"column":94}},"type":"cond-expr","locations":[{"start":{"line":104,"column":59},"end":{"line":104,"column":76}},{"start":{"line":104,"column":79},"end":{"line":104,"column":94}}],"line":104},"9":{"loc":{"start":{"line":140,"column":4},"end":{"line":142,"column":5}},"type":"if","locations":[{"start":{"line":140,"column":4},"end":{"line":142,"column":5}},{"start":{},"end":{}}],"line":140},"10":{"loc":{"start":{"line":148,"column":4},"end":{"line":154,"column":5}},"type":"if","locations":[{"start":{"line":148,"column":4},"end":{"line":154,"column":5}},{"start":{"line":150,"column":10},"end":{"line":154,"column":5}}],"line":148},"11":{"loc":{"start":{"line":150,"column":10},"end":{"line":154,"column":5}},"type":"if","locations":[{"start":{"line":150,"column":10},"end":{"line":154,"column":5}},{"start":{"line":152,"column":9},"end":{"line":154,"column":5}}],"line":150}},"s":{"0":2,"1":2,"2":2,"3":2,"4":2,"5":2,"6":2,"7":2,"8":2,"9":2,"10":2,"11":1,"12":1,"13":1,"14":1,"15":1,"16":1,"17":1,"18":1,"19":1,"20":1,"21":2,"22":0,"23":0,"24":0,"25":0,"26":0,"27":0,"28":0,"29":0,"30":0,"31":0,"32":0,"33":0,"34":0,"35":0,"36":0,"37":0,"38":0,"39":0,"40":0,"41":0,"42":2,"43":0,"44":0,"45":0,"46":0,"47":0,"48":0,"49":0,"50":0,"51":0,"52":0,"53":2,"54":0,"55":0},"f":{"0":2,"1":0,"2":0,"3":0},"b":{"0":[1,0],"1":[0,0],"2":[0,0],"3":[0,0,0],"4":[0,0],"5":[0,0],"6":[0,0],"7":[0,0],"8":[0,0],"9":[0,0],"10":[0,0],"11":[0,0]},"_coverageSchema":"1a1c01bbd47fc00a2c39e90264f33305004495a9","hash":"8aa2d54b1449f72b4d9477f96206b91511d23875"}
,"/Users/riyabansal/Desktop/CRM Application/controllers/user.controller.js": {"path":"/Users/riyabansal/Desktop/CRM Application/controllers/user.controller.js","statementMap":{"0":{"start":{"line":2,"column":13},"end":{"line":2,"column":44}},"1":{"start":{"line":3,"column":24},"end":{"line":3,"column":59}},"2":{"start":{"line":6,"column":0},"end":{"line":79,"column":1}},"3":{"start":{"line":8,"column":23},"end":{"line":8,"column":41}},"4":{"start":{"line":9,"column":24},"end":{"line":9,"column":44}},"5":{"start":{"line":10,"column":22},"end":{"line":10,"column":36}},"6":{"start":{"line":15,"column":4},"end":{"line":76,"column":5}},"7":{"start":{"line":16,"column":8},"end":{"line":25,"column":9}},"8":{"start":{"line":17,"column":12},"end":{"line":19,"column":15}},"9":{"start":{"line":21,"column":12},"end":{"line":21,"column":85}},"10":{"start":{"line":22,"column":12},"end":{"line":24,"column":14}},"11":{"start":{"line":26,"column":10},"end":{"line":76,"column":5}},"12":{"start":{"line":28,"column":8},"end":{"line":40,"column":9}},"13":{"start":{"line":30,"column":12},"end":{"line":33,"column":15}},"14":{"start":{"line":35,"column":12},"end":{"line":35,"column":120}},"15":{"start":{"line":36,"column":12},"end":{"line":38,"column":14}},"16":{"start":{"line":39,"column":12},"end":{"line":39,"column":19}},"17":{"start":{"line":41,"column":10},"end":{"line":76,"column":5}},"18":{"start":{"line":42,"column":8},"end":{"line":53,"column":9}},"19":{"start":{"line":44,"column":12},"end":{"line":46,"column":15}},"20":{"start":{"line":48,"column":12},"end":{"line":48,"column":83}},"21":{"start":{"line":49,"column":12},"end":{"line":51,"column":14}},"22":{"start":{"line":52,"column":12},"end":{"line":52,"column":19}},"23":{"start":{"line":54,"column":10},"end":{"line":76,"column":5}},"24":{"start":{"line":55,"column":8},"end":{"line":65,"column":9}},"25":{"start":{"line":56,"column":12},"end":{"line":58,"column":15}},"26":{"start":{"line":60,"column":12},"end":{"line":60,"column":86}},"27":{"start":{"line":61,"column":12},"end":{"line":63,"column":14}},"28":{"start":{"line":64,"column":12},"end":{"line":64,"column":19}},"29":{"start":{"line":67,"column":8},"end":{"line":75,"column":9}},"30":{"start":{"line":68,"column":12},"end":{"line":68,"column":38}},"31":{"start":{"line":70,"column":12},"end":{"line":70,"column":57}},"32":{"start":{"line":71,"column":12},"end":{"line":73,"column":14}},"33":{"start":{"line":74,"column":12},"end":{"line":74,"column":19}},"34":{"start":{"line":78,"column":4},"end":{"line":78,"column":61}},"35":{"start":{"line":81,"column":0},"end":{"line":95,"column":1}},"36":{"start":{"line":82,"column":20},"end":{"line":82,"column":37}},"37":{"start":{"line":84,"column":17},"end":{"line":86,"column":6}},"38":{"start":{"line":88,"column":4},"end":{"line":94,"column":5}},"39":{"start":{"line":89,"column":8},"end":{"line":89,"column":65}},"40":{"start":{"line":91,"column":8},"end":{"line":93,"column":10}},"41":{"start":{"line":97,"column":0},"end":{"line":122,"column":1}},"42":{"start":{"line":99,"column":20},"end":{"line":99,"column":37}},"43":{"start":{"line":101,"column":4},"end":{"line":121,"column":5}},"44":{"start":{"line":103,"column":21},"end":{"line":109,"column":17}},"45":{"start":{"line":111,"column":8},"end":{"line":113,"column":11}},"46":{"start":{"line":117,"column":8},"end":{"line":117,"column":69}},"47":{"start":{"line":118,"column":8},"end":{"line":120,"column":10}}},"fnMap":{"0":{"name":"(anonymous_0)","decl":{"start":{"line":6,"column":18},"end":{"line":6,"column":19}},"loc":{"start":{"line":6,"column":37},"end":{"line":79,"column":1}},"line":6},"1":{"name":"(anonymous_1)","decl":{"start":{"line":81,"column":19},"end":{"line":81,"column":20}},"loc":{"start":{"line":81,"column":38},"end":{"line":95,"column":1}},"line":81},"2":{"name":"(anonymous_2)","decl":{"start":{"line":97,"column":17},"end":{"line":97,"column":18}},"loc":{"start":{"line":97,"column":36},"end":{"line":122,"column":1}},"line":97}},"branchMap":{"0":{"loc":{"start":{"line":15,"column":4},"end":{"line":76,"column":5}},"type":"if","locations":[{"start":{"line":15,"column":4},"end":{"line":76,"column":5}},{"start":{"line":26,"column":10},"end":{"line":76,"column":5}}],"line":15},"1":{"loc":{"start":{"line":26,"column":10},"end":{"line":76,"column":5}},"type":"if","locations":[{"start":{"line":26,"column":10},"end":{"line":76,"column":5}},{"start":{"line":41,"column":10},"end":{"line":76,"column":5}}],"line":26},"2":{"loc":{"start":{"line":26,"column":13},"end":{"line":26,"column":41}},"type":"binary-expr","locations":[{"start":{"line":26,"column":13},"end":{"line":26,"column":24}},{"start":{"line":26,"column":28},"end":{"line":26,"column":41}}],"line":26},"3":{"loc":{"start":{"line":41,"column":10},"end":{"line":76,"column":5}},"type":"if","locations":[{"start":{"line":41,"column":10},"end":{"line":76,"column":5}},{"start":{"line":54,"column":10},"end":{"line":76,"column":5}}],"line":41},"4":{"loc":{"start":{"line":54,"column":10},"end":{"line":76,"column":5}},"type":"if","locations":[{"start":{"line":54,"column":10},"end":{"line":76,"column":5}},{"start":{"line":66,"column":9},"end":{"line":76,"column":5}}],"line":54},"5":{"loc":{"start":{"line":88,"column":4},"end":{"line":94,"column":5}},"type":"if","locations":[{"start":{"line":88,"column":4},"end":{"line":94,"column":5}},{"start":{"line":90,"column":9},"end":{"line":94,"column":5}}],"line":88}},"s":{"0":2,"1":2,"2":2,"3":3,"4":3,"5":3,"6":3,"7":0,"8":0,"9":0,"10":0,"11":3,"12":0,"13":0,"14":0,"15":0,"16":0,"17":3,"18":1,"19":1,"20":0,"21":0,"22":0,"23":2,"24":0,"25":0,"26":0,"27":0,"28":0,"29":2,"30":2,"31":1,"32":1,"33":1,"34":2,"35":2,"36":3,"37":3,"38":3,"39":2,"40":1,"41":2,"42":2,"43":2,"44":2,"45":1,"46":1,"47":1},"f":{"0":3,"1":3,"2":2},"b":{"0":[0,3],"1":[0,3],"2":[3,1],"3":[1,2],"4":[0,2],"5":[2,1]},"_coverageSchema":"1a1c01bbd47fc00a2c39e90264f33305004495a9","hash":"a371a148541909906aca228682272764cdc48723"}
,"/Users/riyabansal/Desktop/CRM Application/middlewares/authJwt.js": {"path":"/Users/riyabansal/Desktop/CRM Application/middlewares/authJwt.js","statementMap":{"0":{"start":{"line":1,"column":13},"end":{"line":1,"column":36}},"1":{"start":{"line":2,"column":15},"end":{"line":2,"column":48}},"2":{"start":{"line":3,"column":13},"end":{"line":3,"column":44}},"3":{"start":{"line":4,"column":18},"end":{"line":4,"column":47}},"4":{"start":{"line":6,"column":0},"end":{"line":26,"column":1}},"5":{"start":{"line":8,"column":16},"end":{"line":8,"column":45}},"6":{"start":{"line":10,"column":4},"end":{"line":14,"column":5}},"7":{"start":{"line":11,"column":8},"end":{"line":13,"column":11}},"8":{"start":{"line":16,"column":4},"end":{"line":25,"column":6}},"9":{"start":{"line":17,"column":8},"end":{"line":21,"column":9}},"10":{"start":{"line":18,"column":12},"end":{"line":20,"column":15}},"11":{"start":{"line":23,"column":8},"end":{"line":23,"column":32}},"12":{"start":{"line":24,"column":8},"end":{"line":24,"column":15}},"13":{"start":{"line":28,"column":0},"end":{"line":42,"column":1}},"14":{"start":{"line":29,"column":17},"end":{"line":31,"column":6}},"15":{"start":{"line":33,"column":4},"end":{"line":41,"column":5}},"16":{"start":{"line":34,"column":8},"end":{"line":34,"column":15}},"17":{"start":{"line":36,"column":7},"end":{"line":38,"column":9}},"18":{"start":{"line":40,"column":7},"end":{"line":40,"column":14}},"19":{"start":{"line":44,"column":16},"end":{"line":47,"column":1}},"20":{"start":{"line":49,"column":0},"end":{"line":49,"column":25}}},"fnMap":{"0":{"name":"(anonymous_0)","decl":{"start":{"line":6,"column":14},"end":{"line":6,"column":15}},"loc":{"start":{"line":6,"column":34},"end":{"line":26,"column":1}},"line":6},"1":{"name":"(anonymous_1)","decl":{"start":{"line":16,"column":37},"end":{"line":16,"column":38}},"loc":{"start":{"line":16,"column":55},"end":{"line":25,"column":5}},"line":16},"2":{"name":"(anonymous_2)","decl":{"start":{"line":28,"column":10},"end":{"line":28,"column":11}},"loc":{"start":{"line":28,"column":35},"end":{"line":42,"column":1}},"line":28}},"branchMap":{"0":{"loc":{"start":{"line":10,"column":4},"end":{"line":14,"column":5}},"type":"if","locations":[{"start":{"line":10,"column":4},"end":{"line":14,"column":5}},{"start":{},"end":{}}],"line":10},"1":{"loc":{"start":{"line":17,"column":8},"end":{"line":21,"column":9}},"type":"if","locations":[{"start":{"line":17,"column":8},"end":{"line":21,"column":9}},{"start":{},"end":{}}],"line":17},"2":{"loc":{"start":{"line":33,"column":4},"end":{"line":41,"column":5}},"type":"if","locations":[{"start":{"line":33,"column":4},"end":{"line":41,"column":5}},{"start":{"line":35,"column":9},"end":{"line":41,"column":5}}],"line":33},"3":{"loc":{"start":{"line":33,"column":7},"end":{"line":33,"column":57}},"type":"binary-expr","locations":[{"start":{"line":33,"column":7},"end":{"line":33,"column":11}},{"start":{"line":33,"column":15},"end":{"line":33,"column":57}}],"line":33}},"s":{"0":1,"1":1,"2":1,"3":1,"4":1,"5":2,"6":2,"7":0,"8":2,"9":2,"10":0,"11":2,"12":2,"13":1,"14":2,"15":2,"16":2,"17":0,"18":0,"19":1,"20":1},"f":{"0":2,"1":2,"2":2},"b":{"0":[0,2],"1":[0,2],"2":[2,0],"3":[2,2]},"_coverageSchema":"1a1c01bbd47fc00a2c39e90264f33305004495a9","hash":"c2bdc351ad83021397695556f214057133d80e48"}
,"/Users/riyabansal/Desktop/CRM Application/middlewares/index.js": {"path":"/Users/riyabansal/Desktop/CRM Application/middlewares/index.js","statementMap":{"0":{"start":{"line":1,"column":26},"end":{"line":1,"column":56}},"1":{"start":{"line":2,"column":16},"end":{"line":2,"column":36}},"2":{"start":{"line":3,"column":32},"end":{"line":3,"column":64}},"3":{"start":{"line":4,"column":0},"end":{"line":8,"column":1}}},"fnMap":{},"branchMap":{},"s":{"0":1,"1":1,"2":1,"3":1},"f":{},"b":{},"_coverageSchema":"1a1c01bbd47fc00a2c39e90264f33305004495a9","hash":"25e0dea9bdf289e6cab4b58e79dea51cf57381e9"}
,"/Users/riyabansal/Desktop/CRM Application/middlewares/verifyTicketReqBody.js": {"path":"/Users/riyabansal/Desktop/CRM Application/middlewares/verifyTicketReqBody.js","statementMap":{"0":{"start":{"line":1,"column":18},"end":{"line":1,"column":47}},"1":{"start":{"line":3,"column":0},"end":{"line":20,"column":2}},"2":{"start":{"line":5,"column":4},"end":{"line":10,"column":5}},"3":{"start":{"line":6,"column":8},"end":{"line":8,"column":10}},"4":{"start":{"line":9,"column":8},"end":{"line":9,"column":15}},"5":{"start":{"line":12,"column":4},"end":{"line":17,"column":5}},"6":{"start":{"line":13,"column":8},"end":{"line":15,"column":10}},"7":{"start":{"line":16,"column":8},"end":{"line":16,"column":15}},"8":{"start":{"line":19,"column":4},"end":{"line":19,"column":11}},"9":{"start":{"line":22,"column":0},"end":{"line":34,"column":1}},"10":{"start":{"line":24,"column":19},"end":{"line":24,"column":34}},"11":{"start":{"line":25,"column":24},"end":{"line":26,"column":39}},"12":{"start":{"line":27,"column":4},"end":{"line":31,"column":5}},"13":{"start":{"line":28,"column":8},"end":{"line":30,"column":10}},"14":{"start":{"line":33,"column":4},"end":{"line":33,"column":11}},"15":{"start":{"line":36,"column":32},"end":{"line":39,"column":1}},"16":{"start":{"line":41,"column":0},"end":{"line":41,"column":40}}},"fnMap":{"0":{"name":"(anonymous_0)","decl":{"start":{"line":3,"column":28},"end":{"line":3,"column":29}},"loc":{"start":{"line":3,"column":53},"end":{"line":20,"column":1}},"line":3},"1":{"name":"(anonymous_1)","decl":{"start":{"line":22,"column":23},"end":{"line":22,"column":24}},"loc":{"start":{"line":22,"column":48},"end":{"line":34,"column":1}},"line":22}},"branchMap":{"0":{"loc":{"start":{"line":5,"column":4},"end":{"line":10,"column":5}},"type":"if","locations":[{"start":{"line":5,"column":4},"end":{"line":10,"column":5}},{"start":{},"end":{}}],"line":5},"1":{"loc":{"start":{"line":12,"column":4},"end":{"line":17,"column":5}},"type":"if","locations":[{"start":{"line":12,"column":4},"end":{"line":17,"column":5}},{"start":{},"end":{}}],"line":12},"2":{"loc":{"start":{"line":27,"column":4},"end":{"line":31,"column":5}},"type":"if","locations":[{"start":{"line":27,"column":4},"end":{"line":31,"column":5}},{"start":{},"end":{}}],"line":27},"3":{"loc":{"start":{"line":27,"column":7},"end":{"line":27,"column":46}},"type":"binary-expr","locations":[{"start":{"line":27,"column":7},"end":{"line":27,"column":13}},{"start":{"line":27,"column":17},"end":{"line":27,"column":46}}],"line":27}},"s":{"0":1,"1":1,"2":0,"3":0,"4":0,"5":0,"6":0,"7":0,"8":0,"9":1,"10":0,"11":0,"12":0,"13":0,"14":0,"15":1,"16":1},"f":{"0":0,"1":0},"b":{"0":[0,0],"1":[0,0],"2":[0,0],"3":[0,0]},"_coverageSchema":"1a1c01bbd47fc00a2c39e90264f33305004495a9","hash":"63fe0edcb5cc0efbb47f015303ffa9af616cfabf"}
,"/Users/riyabansal/Desktop/CRM Application/middlewares/verifyUserReqBody.js": {"path":"/Users/riyabansal/Desktop/CRM Application/middlewares/verifyUserReqBody.js","statementMap":{"0":{"start":{"line":5,"column":13},"end":{"line":5,"column":44}},"1":{"start":{"line":6,"column":18},"end":{"line":6,"column":47}},"2":{"start":{"line":9,"column":0},"end":{"line":54,"column":1}},"3":{"start":{"line":11,"column":4},"end":{"line":16,"column":5}},"4":{"start":{"line":12,"column":8},"end":{"line":14,"column":11}},"5":{"start":{"line":15,"column":8},"end":{"line":15,"column":15}},"6":{"start":{"line":18,"column":4},"end":{"line":23,"column":5}},"7":{"start":{"line":19,"column":8},"end":{"line":21,"column":11}},"8":{"start":{"line":22,"column":8},"end":{"line":22,"column":15}},"9":{"start":{"line":25,"column":17},"end":{"line":25,"column":62}},"10":{"start":{"line":26,"column":4},"end":{"line":31,"column":5}},"11":{"start":{"line":27,"column":8},"end":{"line":29,"column":11}},"12":{"start":{"line":30,"column":8},"end":{"line":30,"column":15}},"13":{"start":{"line":33,"column":18},"end":{"line":33,"column":61}},"14":{"start":{"line":35,"column":4},"end":{"line":40,"column":5}},"15":{"start":{"line":36,"column":8},"end":{"line":38,"column":11}},"16":{"start":{"line":39,"column":8},"end":{"line":39,"column":15}},"17":{"start":{"line":42,"column":21},"end":{"line":42,"column":38}},"18":{"start":{"line":43,"column":22},"end":{"line":44,"column":64}},"19":{"start":{"line":46,"column":4},"end":{"line":51,"column":5}},"20":{"start":{"line":47,"column":8},"end":{"line":49,"column":11}},"21":{"start":{"line":50,"column":8},"end":{"line":50,"column":15}},"22":{"start":{"line":53,"column":4},"end":{"line":53,"column":11}},"23":{"start":{"line":56,"column":0},"end":{"line":79,"column":1}},"24":{"start":{"line":58,"column":21},"end":{"line":58,"column":38}},"25":{"start":{"line":59,"column":22},"end":{"line":59,"column":106}},"26":{"start":{"line":61,"column":4},"end":{"line":66,"column":5}},"27":{"start":{"line":62,"column":8},"end":{"line":64,"column":11}},"28":{"start":{"line":65,"column":8},"end":{"line":65,"column":15}},"29":{"start":{"line":68,"column":23},"end":{"line":68,"column":42}},"30":{"start":{"line":69,"column":25},"end":{"line":70,"column":38}},"31":{"start":{"line":72,"column":4},"end":{"line":77,"column":5}},"32":{"start":{"line":73,"column":8},"end":{"line":75,"column":11}},"33":{"start":{"line":76,"column":8},"end":{"line":76,"column":15}},"34":{"start":{"line":78,"column":4},"end":{"line":78,"column":10}},"35":{"start":{"line":81,"column":26},"end":{"line":84,"column":1}},"36":{"start":{"line":85,"column":0},"end":{"line":85,"column":34}}},"fnMap":{"0":{"name":"(anonymous_0)","decl":{"start":{"line":9,"column":26},"end":{"line":9,"column":27}},"loc":{"start":{"line":9,"column":51},"end":{"line":54,"column":1}},"line":9},"1":{"name":"(anonymous_1)","decl":{"start":{"line":56,"column":32},"end":{"line":56,"column":33}},"loc":{"start":{"line":56,"column":57},"end":{"line":79,"column":1}},"line":56}},"branchMap":{"0":{"loc":{"start":{"line":11,"column":4},"end":{"line":16,"column":5}},"type":"if","locations":[{"start":{"line":11,"column":4},"end":{"line":16,"column":5}},{"start":{},"end":{}}],"line":11},"1":{"loc":{"start":{"line":18,"column":4},"end":{"line":23,"column":5}},"type":"if","locations":[{"start":{"line":18,"column":4},"end":{"line":23,"column":5}},{"start":{},"end":{}}],"line":18},"2":{"loc":{"start":{"line":26,"column":4},"end":{"line":31,"column":5}},"type":"if","locations":[{"start":{"line":26,"column":4},"end":{"line":31,"column":5}},{"start":{},"end":{}}],"line":26},"3":{"loc":{"start":{"line":35,"column":4},"end":{"line":40,"column":5}},"type":"if","locations":[{"start":{"line":35,"column":4},"end":{"line":40,"column":5}},{"start":{},"end":{}}],"line":35},"4":{"loc":{"start":{"line":46,"column":4},"end":{"line":51,"column":5}},"type":"if","locations":[{"start":{"line":46,"column":4},"end":{"line":51,"column":5}},{"start":{},"end":{}}],"line":46},"5":{"loc":{"start":{"line":46,"column":7},"end":{"line":46,"column":49}},"type":"binary-expr","locations":[{"start":{"line":46,"column":7},"end":{"line":46,"column":15}},{"start":{"line":46,"column":20},"end":{"line":46,"column":49}}],"line":46},"6":{"loc":{"start":{"line":61,"column":4},"end":{"line":66,"column":5}},"type":"if","locations":[{"start":{"line":61,"column":4},"end":{"line":66,"column":5}},{"start":{},"end":{}}],"line":61},"7":{"loc":{"start":{"line":61,"column":7},"end":{"line":61,"column":48}},"type":"binary-expr","locations":[{"start":{"line":61,"column":7},"end":{"line":61,"column":15}},{"start":{"line":61,"column":19},"end":{"line":61,"column":48}}],"line":61},"8":{"loc":{"start":{"line":72,"column":4},"end":{"line":77,"column":5}},"type":"if","locations":[{"start":{"line":72,"column":4},"end":{"line":77,"column":5}},{"start":{},"end":{}}],"line":72},"9":{"loc":{"start":{"line":72,"column":7},"end":{"line":72,"column":55}},"type":"binary-expr","locations":[{"start":{"line":72,"column":7},"end":{"line":72,"column":17}},{"start":{"line":72,"column":21},"end":{"line":72,"column":55}}],"line":72}},"s":{"0":1,"1":1,"2":1,"3":0,"4":0,"5":0,"6":0,"7":0,"8":0,"9":0,"10":0,"11":0,"12":0,"13":0,"14":0,"15":0,"16":0,"17":0,"18":0,"19":0,"20":0,"21":0,"22":0,"23":1,"24":0,"25":0,"26":0,"27":0,"28":0,"29":0,"30":0,"31":0,"32":0,"33":0,"34":0,"35":1,"36":1},"f":{"0":0,"1":0},"b":{"0":[0,0],"1":[0,0],"2":[0,0],"3":[0,0],"4":[0,0],"5":[0,0],"6":[0,0],"7":[0,0],"8":[0,0],"9":[0,0]},"_coverageSchema":"1a1c01bbd47fc00a2c39e90264f33305004495a9","hash":"ab53f26f8d3d2588162139274e37c3042bd4963a"}
,"/Users/riyabansal/Desktop/CRM Application/models/ticket.model.js": {"path":"/Users/riyabansal/Desktop/CRM Application/models/ticket.model.js","statementMap":{"0":{"start":{"line":1,"column":17},"end":{"line":1,"column":36}},"1":{"start":{"line":3,"column":21},"end":{"line":42,"column":2}},"2":{"start":{"line":33,"column":12},"end":{"line":33,"column":30}},"3":{"start":{"line":39,"column":12},"end":{"line":39,"column":30}},"4":{"start":{"line":44,"column":0},"end":{"line":44,"column":55}}},"fnMap":{"0":{"name":"(anonymous_0)","decl":{"start":{"line":32,"column":17},"end":{"line":32,"column":18}},"loc":{"start":{"line":32,"column":23},"end":{"line":34,"column":9}},"line":32},"1":{"name":"(anonymous_1)","decl":{"start":{"line":38,"column":17},"end":{"line":38,"column":18}},"loc":{"start":{"line":38,"column":23},"end":{"line":40,"column":9}},"line":38}},"branchMap":{},"s":{"0":2,"1":2,"2":1,"3":1,"4":2},"f":{"0":1,"1":1},"b":{},"_coverageSchema":"1a1c01bbd47fc00a2c39e90264f33305004495a9","hash":"0a8e54b5c128698311492896a3fd971a430a6d53"}
,"/Users/riyabansal/Desktop/CRM Application/models/user.model.js": {"path":"/Users/riyabansal/Desktop/CRM Application/models/user.model.js","statementMap":{"0":{"start":{"line":2,"column":17},"end":{"line":2,"column":36}},"1":{"start":{"line":4,"column":19},"end":{"line":56,"column":2}},"2":{"start":{"line":29,"column":12},"end":{"line":29,"column":29}},"3":{"start":{"line":35,"column":12},"end":{"line":35,"column":29}},"4":{"start":{"line":58,"column":0},"end":{"line":58,"column":52}}},"fnMap":{"0":{"name":"(anonymous_0)","decl":{"start":{"line":28,"column":17},"end":{"line":28,"column":18}},"loc":{"start":{"line":28,"column":23},"end":{"line":30,"column":9}},"line":28},"1":{"name":"(anonymous_1)","decl":{"start":{"line":34,"column":17},"end":{"line":34,"column":18}},"loc":{"start":{"line":34,"column":23},"end":{"line":36,"column":9}},"line":34}},"branchMap":{},"s":{"0":3,"1":3,"2":1,"3":1,"4":3},"f":{"0":1,"1":1},"b":{},"_coverageSchema":"1a1c01bbd47fc00a2c39e90264f33305004495a9","hash":"3900392fcd87efe187750e05a4e1f6943bc5e2b4"}
,"/Users/riyabansal/Desktop/CRM Application/routes/auth.routes.js": {"path":"/Users/riyabansal/Desktop/CRM Application/routes/auth.routes.js","statementMap":{"0":{"start":{"line":1,"column":23},"end":{"line":1,"column":64}},"1":{"start":{"line":2,"column":31},"end":{"line":2,"column":56}},"2":{"start":{"line":3,"column":0},"end":{"line":9,"column":1}},"3":{"start":{"line":5,"column":4},"end":{"line":5,"column":108}},"4":{"start":{"line":7,"column":4},"end":{"line":7,"column":63}}},"fnMap":{"0":{"name":"(anonymous_0)","decl":{"start":{"line":3,"column":17},"end":{"line":3,"column":18}},"loc":{"start":{"line":3,"column":31},"end":{"line":9,"column":1}},"line":3}},"branchMap":{},"s":{"0":1,"1":1,"2":1,"3":1,"4":1},"f":{"0":1},"b":{},"_coverageSchema":"1a1c01bbd47fc00a2c39e90264f33305004495a9","hash":"5cd9809a6aad0b4ddf1d059df88aee0938cb2dd7"}
,"/Users/riyabansal/Desktop/CRM Application/routes/ticket.routes.js": {"path":"/Users/riyabansal/Desktop/CRM Application/routes/ticket.routes.js","statementMap":{"0":{"start":{"line":2,"column":25},"end":{"line":2,"column":68}},"1":{"start":{"line":3,"column":45},"end":{"line":3,"column":70}},"2":{"start":{"line":5,"column":0},"end":{"line":11,"column":1}},"3":{"start":{"line":7,"column":4},"end":{"line":7,"column":141}},"4":{"start":{"line":8,"column":4},"end":{"line":8,"column":138}},"5":{"start":{"line":9,"column":4},"end":{"line":9,"column":90}},"6":{"start":{"line":10,"column":4},"end":{"line":10,"column":93}}},"fnMap":{"0":{"name":"(anonymous_0)","decl":{"start":{"line":5,"column":17},"end":{"line":5,"column":18}},"loc":{"start":{"line":5,"column":31},"end":{"line":11,"column":1}},"line":5}},"branchMap":{},"s":{"0":1,"1":1,"2":1,"3":1,"4":1,"5":1,"6":1},"f":{"0":1},"b":{},"_coverageSchema":"1a1c01bbd47fc00a2c39e90264f33305004495a9","hash":"7558e0b6afc9a48f85d00479d02b42abb4dd071d"}
,"/Users/riyabansal/Desktop/CRM Application/routes/user.routes.js": {"path":"/Users/riyabansal/Desktop/CRM Application/routes/user.routes.js","statementMap":{"0":{"start":{"line":1,"column":23},"end":{"line":1,"column":64}},"1":{"start":{"line":2,"column":37},"end":{"line":2,"column":62}},"2":{"start":{"line":4,"column":0},"end":{"line":10,"column":1}},"3":{"start":{"line":5,"column":4},"end":{"line":5,"column":96}},"4":{"start":{"line":7,"column":4},"end":{"line":7,"column":105}},"5":{"start":{"line":9,"column":4},"end":{"line":9,"column":153}}},"fnMap":{"0":{"name":"(anonymous_0)","decl":{"start":{"line":4,"column":17},"end":{"line":4,"column":18}},"loc":{"start":{"line":4,"column":31},"end":{"line":10,"column":1}},"line":4}},"branchMap":{},"s":{"0":1,"1":1,"2":1,"3":1,"4":1,"5":1},"f":{"0":1},"b":{},"_coverageSchema":"1a1c01bbd47fc00a2c39e90264f33305004495a9","hash":"b68a3549e56bf19a45cf8d5c56602d09d3df025d"}
,"/Users/riyabansal/Desktop/CRM Application/tests/db.js": {"path":"/Users/riyabansal/Desktop/CRM Application/tests/db.js","statementMap":{"0":{"start":{"line":1,"column":17},"end":{"line":1,"column":36}},"1":{"start":{"line":2,"column":28},"end":{"line":2,"column":60}},"2":{"start":{"line":6,"column":0},"end":{"line":17,"column":1}},"3":{"start":{"line":8,"column":4},"end":{"line":16,"column":5}},"4":{"start":{"line":9,"column":8},"end":{"line":9,"column":50}},"5":{"start":{"line":10,"column":20},"end":{"line":10,"column":35}},"6":{"start":{"line":11,"column":29},"end":{"line":14,"column":9}},"7":{"start":{"line":15,"column":8},"end":{"line":15,"column":44}},"8":{"start":{"line":21,"column":0},"end":{"line":26,"column":1}},"9":{"start":{"line":22,"column":4},"end":{"line":22,"column":45}},"10":{"start":{"line":23,"column":4},"end":{"line":23,"column":38}},"11":{"start":{"line":24,"column":4},"end":{"line":25,"column":28}},"12":{"start":{"line":25,"column":8},"end":{"line":25,"column":28}},"13":{"start":{"line":29,"column":0},"end":{"line":36,"column":1}},"14":{"start":{"line":30,"column":24},"end":{"line":30,"column":55}},"15":{"start":{"line":31,"column":4},"end":{"line":35,"column":5}},"16":{"start":{"line":33,"column":27},"end":{"line":33,"column":43}},"17":{"start":{"line":34,"column":8},"end":{"line":34,"column":32}}},"fnMap":{"0":{"name":"(anonymous_0)","decl":{"start":{"line":6,"column":25},"end":{"line":6,"column":26}},"loc":{"start":{"line":6,"column":36},"end":{"line":17,"column":1}},"line":6},"1":{"name":"(anonymous_1)","decl":{"start":{"line":21,"column":31},"end":{"line":21,"column":32}},"loc":{"start":{"line":21,"column":43},"end":{"line":26,"column":1}},"line":21},"2":{"name":"(anonymous_2)","decl":{"start":{"line":29,"column":31},"end":{"line":29,"column":32}},"loc":{"start":{"line":29,"column":43},"end":{"line":36,"column":1}},"line":29}},"branchMap":{"0":{"loc":{"start":{"line":8,"column":4},"end":{"line":16,"column":5}},"type":"if","locations":[{"start":{"line":8,"column":4},"end":{"line":16,"column":5}},{"start":{},"end":{}}],"line":8},"1":{"loc":{"start":{"line":24,"column":4},"end":{"line":25,"column":28}},"type":"if","locations":[{"start":{"line":24,"column":4},"end":{"line":25,"column":28}},{"start":{},"end":{}}],"line":24}},"s":{"0":2,"1":2,"2":2,"3":1,"4":1,"5":1,"6":1,"7":1,"8":2,"9":2,"10":2,"11":2,"12":1,"13":2,"14":3,"15":3,"16":6,"17":6},"f":{"0":1,"1":2,"2":3},"b":{"0":[1,0],"1":[1,1]},"_coverageSchema":"1a1c01bbd47fc00a2c39e90264f33305004495a9","hash":"acaf2171a16bf14c794d3e092dbf8b0e9af1a72d"}
,"/Users/riyabansal/Desktop/CRM Application/tests/interceptor.js": {"path":"/Users/riyabansal/Desktop/CRM Application/tests/interceptor.js","statementMap":{"0":{"start":{"line":2,"column":0},"end":{"line":17,"column":1}},"1":{"start":{"line":5,"column":20},"end":{"line":5,"column":22}},"2":{"start":{"line":6,"column":8},"end":{"line":7,"column":51}},"3":{"start":{"line":8,"column":8},"end":{"line":8,"column":18}},"4":{"start":{"line":12,"column":20},"end":{"line":12,"column":22}},"5":{"start":{"line":13,"column":8},"end":{"line":14,"column":49}},"6":{"start":{"line":15,"column":8},"end":{"line":15,"column":19}}},"fnMap":{"0":{"name":"(anonymous_0)","decl":{"start":{"line":4,"column":17},"end":{"line":4,"column":18}},"loc":{"start":{"line":4,"column":23},"end":{"line":9,"column":5}},"line":4},"1":{"name":"(anonymous_1)","decl":{"start":{"line":11,"column":18},"end":{"line":11,"column":19}},"loc":{"start":{"line":11,"column":24},"end":{"line":16,"column":5}},"line":11}},"branchMap":{},"s":{"0":2,"1":8,"2":8,"3":8,"4":8,"5":8,"6":8},"f":{"0":8,"1":8},"b":{},"_coverageSchema":"1a1c01bbd47fc00a2c39e90264f33305004495a9","hash":"bf33fc387f9feb065dab96592e4fa357a3ab459d"}
,"/Users/riyabansal/Desktop/CRM Application/utils/NotificationClient.js": {"path":"/Users/riyabansal/Desktop/CRM Application/utils/NotificationClient.js","statementMap":{"0":{"start":{"line":2,"column":13},"end":{"line":2,"column":47}},"1":{"start":{"line":4,"column":13},"end":{"line":4,"column":25}},"2":{"start":{"line":6,"column":0},"end":{"line":6,"column":24}},"3":{"start":{"line":7,"column":0},"end":{"line":30,"column":1}},"4":{"start":{"line":9,"column":18},"end":{"line":15,"column":5}},"5":{"start":{"line":17,"column":15},"end":{"line":20,"column":5}},"6":{"start":{"line":26,"column":4},"end":{"line":29,"column":7}},"7":{"start":{"line":27,"column":8},"end":{"line":27,"column":36}},"8":{"start":{"line":28,"column":8},"end":{"line":28,"column":26}}},"fnMap":{"0":{"name":"(anonymous_0)","decl":{"start":{"line":7,"column":20},"end":{"line":7,"column":21}},"loc":{"start":{"line":7,"column":73},"end":{"line":30,"column":1}},"line":7},"1":{"name":"(anonymous_1)","decl":{"start":{"line":26,"column":78},"end":{"line":26,"column":79}},"loc":{"start":{"line":26,"column":103},"end":{"line":29,"column":5}},"line":26}},"branchMap":{},"s":{"0":2,"1":2,"2":2,"3":2,"4":1,"5":1,"6":1,"7":1,"8":1},"f":{"0":1,"1":1},"b":{},"_coverageSchema":"1a1c01bbd47fc00a2c39e90264f33305004495a9","hash":"abcc8bd0492f64e3b81e4de2649f87c63a7ce9e8"}
,"/Users/riyabansal/Desktop/CRM Application/utils/constants.js": {"path":"/Users/riyabansal/Desktop/CRM Application/utils/constants.js","statementMap":{"0":{"start":{"line":3,"column":0},"end":{"line":21,"column":1}}},"fnMap":{},"branchMap":{},"s":{"0":2},"f":{},"b":{},"_coverageSchema":"1a1c01bbd47fc00a2c39e90264f33305004495a9","hash":"ca49b66e5833a4d5626a84287d36e37c5a9a6e01"}
,"/Users/riyabansal/Desktop/CRM Application/utils/objectConverter.js": {"path":"/Users/riyabansal/Desktop/CRM Application/utils/objectConverter.js","statementMap":{"0":{"start":{"line":2,"column":0},"end":{"line":16,"column":1}},"1":{"start":{"line":4,"column":4},"end":{"line":4,"column":20}},"2":{"start":{"line":5,"column":4},"end":{"line":13,"column":7}},"3":{"start":{"line":6,"column":8},"end":{"line":12,"column":11}},"4":{"start":{"line":15,"column":4},"end":{"line":15,"column":22}},"5":{"start":{"line":18,"column":0},"end":{"line":30,"column":1}},"6":{"start":{"line":19,"column":4},"end":{"line":29,"column":5}},"7":{"start":{"line":32,"column":0},"end":{"line":49,"column":1}},"8":{"start":{"line":33,"column":4},"end":{"line":33,"column":22}},"9":{"start":{"line":34,"column":4},"end":{"line":46,"column":7}},"10":{"start":{"line":35,"column":8},"end":{"line":45,"column":10}},"11":{"start":{"line":47,"column":4},"end":{"line":47,"column":24}}},"fnMap":{"0":{"name":"(anonymous_0)","decl":{"start":{"line":2,"column":23},"end":{"line":2,"column":24}},"loc":{"start":{"line":2,"column":34},"end":{"line":16,"column":1}},"line":2},"1":{"name":"(anonymous_1)","decl":{"start":{"line":5,"column":18},"end":{"line":5,"column":19}},"loc":{"start":{"line":5,"column":26},"end":{"line":13,"column":5}},"line":5},"2":{"name":"(anonymous_2)","decl":{"start":{"line":18,"column":25},"end":{"line":18,"column":26}},"loc":{"start":{"line":18,"column":37},"end":{"line":30,"column":1}},"line":18},"3":{"name":"(anonymous_3)","decl":{"start":{"line":32,"column":29},"end":{"line":32,"column":30}},"loc":{"start":{"line":32,"column":42},"end":{"line":49,"column":1}},"line":32},"4":{"name":"(anonymous_4)","decl":{"start":{"line":34,"column":20},"end":{"line":34,"column":21}},"loc":{"start":{"line":34,"column":29},"end":{"line":46,"column":5}},"line":34}},"branchMap":{},"s":{"0":3,"1":4,"2":4,"3":4,"4":4,"5":3,"6":1,"7":3,"8":0,"9":0,"10":0,"11":0},"f":{"0":4,"1":4,"2":1,"3":0,"4":0},"b":{},"_coverageSchema":"1a1c01bbd47fc00a2c39e90264f33305004495a9","hash":"c840935868f7be7b41ae4ae9fa8945b523fa7d30"}
}
