{"/Users/riyabansal/Desktop/CRM Application/controllers/user.controller.js": {"path":"/Users/riyabansal/Desktop/CRM Application/controllers/user.controller.js","statementMap":{"0":{"start":{"line":2,"column":13},"end":{"line":2,"column":44}},"1":{"start":{"line":3,"column":24},"end":{"line":3,"column":59}},"2":{"start":{"line":6,"column":0},"end":{"line":76,"column":1}},"3":{"start":{"line":8,"column":23},"end":{"line":8,"column":41}},"4":{"start":{"line":9,"column":24},"end":{"line":9,"column":44}},"5":{"start":{"line":10,"column":22},"end":{"line":10,"column":36}},"6":{"start":{"line":15,"column":4},"end":{"line":73,"column":5}},"7":{"start":{"line":16,"column":8},"end":{"line":25,"column":9}},"8":{"start":{"line":17,"column":12},"end":{"line":19,"column":15}},"9":{"start":{"line":21,"column":12},"end":{"line":21,"column":85}},"10":{"start":{"line":22,"column":12},"end":{"line":24,"column":14}},"11":{"start":{"line":26,"column":10},"end":{"line":73,"column":5}},"12":{"start":{"line":28,"column":8},"end":{"line":39,"column":9}},"13":{"start":{"line":30,"column":12},"end":{"line":33,"column":15}},"14":{"start":{"line":35,"column":12},"end":{"line":35,"column":120}},"15":{"start":{"line":36,"column":12},"end":{"line":38,"column":14}},"16":{"start":{"line":40,"column":10},"end":{"line":73,"column":5}},"17":{"start":{"line":41,"column":8},"end":{"line":51,"column":9}},"18":{"start":{"line":43,"column":12},"end":{"line":45,"column":15}},"19":{"start":{"line":47,"column":12},"end":{"line":47,"column":83}},"20":{"start":{"line":48,"column":12},"end":{"line":50,"column":14}},"21":{"start":{"line":52,"column":10},"end":{"line":73,"column":5}},"22":{"start":{"line":53,"column":8},"end":{"line":62,"column":9}},"23":{"start":{"line":54,"column":12},"end":{"line":56,"column":15}},"24":{"start":{"line":58,"column":12},"end":{"line":58,"column":86}},"25":{"start":{"line":59,"column":12},"end":{"line":61,"column":14}},"26":{"start":{"line":64,"column":8},"end":{"line":72,"column":9}},"27":{"start":{"line":65,"column":12},"end":{"line":65,"column":38}},"28":{"start":{"line":67,"column":12},"end":{"line":67,"column":57}},"29":{"start":{"line":68,"column":12},"end":{"line":70,"column":14}},"30":{"start":{"line":71,"column":12},"end":{"line":71,"column":19}},"31":{"start":{"line":75,"column":4},"end":{"line":75,"column":61}},"32":{"start":{"line":78,"column":0},"end":{"line":92,"column":1}},"33":{"start":{"line":79,"column":20},"end":{"line":79,"column":37}},"34":{"start":{"line":81,"column":17},"end":{"line":83,"column":6}},"35":{"start":{"line":85,"column":4},"end":{"line":91,"column":5}},"36":{"start":{"line":86,"column":8},"end":{"line":86,"column":65}},"37":{"start":{"line":88,"column":8},"end":{"line":90,"column":10}},"38":{"start":{"line":94,"column":0},"end":{"line":119,"column":1}},"39":{"start":{"line":96,"column":20},"end":{"line":96,"column":37}},"40":{"start":{"line":98,"column":4},"end":{"line":118,"column":5}},"41":{"start":{"line":100,"column":21},"end":{"line":106,"column":17}},"42":{"start":{"line":108,"column":8},"end":{"line":110,"column":11}},"43":{"start":{"line":114,"column":8},"end":{"line":114,"column":69}},"44":{"start":{"line":115,"column":8},"end":{"line":117,"column":10}}},"fnMap":{"0":{"name":"(anonymous_0)","decl":{"start":{"line":6,"column":18},"end":{"line":6,"column":19}},"loc":{"start":{"line":6,"column":37},"end":{"line":76,"column":1}},"line":6},"1":{"name":"(anonymous_1)","decl":{"start":{"line":78,"column":19},"end":{"line":78,"column":20}},"loc":{"start":{"line":78,"column":38},"end":{"line":92,"column":1}},"line":78},"2":{"name":"(anonymous_2)","decl":{"start":{"line":94,"column":17},"end":{"line":94,"column":18}},"loc":{"start":{"line":94,"column":36},"end":{"line":119,"column":1}},"line":94}},"branchMap":{"0":{"loc":{"start":{"line":15,"column":4},"end":{"line":73,"column":5}},"type":"if","locations":[{"start":{"line":15,"column":4},"end":{"line":73,"column":5}},{"start":{"line":26,"column":10},"end":{"line":73,"column":5}}],"line":15},"1":{"loc":{"start":{"line":26,"column":10},"end":{"line":73,"column":5}},"type":"if","locations":[{"start":{"line":26,"column":10},"end":{"line":73,"column":5}},{"start":{"line":40,"column":10},"end":{"line":73,"column":5}}],"line":26},"2":{"loc":{"start":{"line":26,"column":13},"end":{"line":26,"column":41}},"type":"binary-expr","locations":[{"start":{"line":26,"column":13},"end":{"line":26,"column":24}},{"start":{"line":26,"column":28},"end":{"line":26,"column":41}}],"line":26},"3":{"loc":{"start":{"line":40,"column":10},"end":{"line":73,"column":5}},"type":"if","locations":[{"start":{"line":40,"column":10},"end":{"line":73,"column":5}},{"start":{"line":52,"column":10},"end":{"line":73,"column":5}}],"line":40},"4":{"loc":{"start":{"line":52,"column":10},"end":{"line":73,"column":5}},"type":"if","locations":[{"start":{"line":52,"column":10},"end":{"line":73,"column":5}},{"start":{"line":63,"column":9},"end":{"line":73,"column":5}}],"line":52},"5":{"loc":{"start":{"line":85,"column":4},"end":{"line":91,"column":5}},"type":"if","locations":[{"start":{"line":85,"column":4},"end":{"line":91,"column":5}},{"start":{"line":87,"column":9},"end":{"line":91,"column":5}}],"line":85}},"s":{"0":1,"1":1,"2":1,"3":2,"4":2,"5":2,"6":2,"7":0,"8":0,"9":0,"10":0,"11":2,"12":0,"13":0,"14":0,"15":0,"16":2,"17":0,"18":0,"19":0,"20":0,"21":2,"22":0,"23":0,"24":0,"25":0,"26":2,"27":2,"28":1,"29":1,"30":1,"31":1,"32":1,"33":2,"34":2,"35":2,"36":1,"37":1,"38":1,"39":2,"40":2,"41":2,"42":1,"43":1,"44":1},"f":{"0":2,"1":2,"2":2},"b":{"0":[0,2],"1":[0,2],"2":[2,0],"3":[0,2],"4":[0,2],"5":[1,1]},"_coverageSchema":"1a1c01bbd47fc00a2c39e90264f33305004495a9","hash":"ea767486e1f8f6309873c09d769556a3f6cc8f44"}
,"/Users/riyabansal/Desktop/CRM Application/models/user.model.js": {"path":"/Users/riyabansal/Desktop/CRM Application/models/user.model.js","statementMap":{"0":{"start":{"line":2,"column":17},"end":{"line":2,"column":36}},"1":{"start":{"line":4,"column":19},"end":{"line":56,"column":2}},"2":{"start":{"line":29,"column":12},"end":{"line":29,"column":29}},"3":{"start":{"line":35,"column":12},"end":{"line":35,"column":29}},"4":{"start":{"line":58,"column":0},"end":{"line":58,"column":52}}},"fnMap":{"0":{"name":"(anonymous_0)","decl":{"start":{"line":28,"column":17},"end":{"line":28,"column":18}},"loc":{"start":{"line":28,"column":23},"end":{"line":30,"column":9}},"line":28},"1":{"name":"(anonymous_1)","decl":{"start":{"line":34,"column":17},"end":{"line":34,"column":18}},"loc":{"start":{"line":34,"column":23},"end":{"line":36,"column":9}},"line":34}},"branchMap":{},"s":{"0":1,"1":1,"2":0,"3":0,"4":1},"f":{"0":0,"1":0},"b":{},"_coverageSchema":"1a1c01bbd47fc00a2c39e90264f33305004495a9","hash":"3900392fcd87efe187750e05a4e1f6943bc5e2b4"}
,"/Users/riyabansal/Desktop/CRM Application/tests/interceptor.js": {"path":"/Users/riyabansal/Desktop/CRM Application/tests/interceptor.js","statementMap":{"0":{"start":{"line":2,"column":0},"end":{"line":17,"column":1}},"1":{"start":{"line":5,"column":20},"end":{"line":5,"column":22}},"2":{"start":{"line":6,"column":8},"end":{"line":7,"column":51}},"3":{"start":{"line":8,"column":8},"end":{"line":8,"column":18}},"4":{"start":{"line":12,"column":20},"end":{"line":12,"column":22}},"5":{"start":{"line":13,"column":8},"end":{"line":14,"column":49}},"6":{"start":{"line":15,"column":8},"end":{"line":15,"column":19}}},"fnMap":{"0":{"name":"(anonymous_0)","decl":{"start":{"line":4,"column":17},"end":{"line":4,"column":18}},"loc":{"start":{"line":4,"column":23},"end":{"line":9,"column":5}},"line":4},"1":{"name":"(anonymous_1)","decl":{"start":{"line":11,"column":18},"end":{"line":11,"column":19}},"loc":{"start":{"line":11,"column":24},"end":{"line":16,"column":5}},"line":11}},"branchMap":{},"s":{"0":1,"1":6,"2":6,"3":6,"4":6,"5":6,"6":6},"f":{"0":6,"1":6},"b":{},"_coverageSchema":"1a1c01bbd47fc00a2c39e90264f33305004495a9","hash":"bf33fc387f9feb065dab96592e4fa357a3ab459d"}
,"/Users/riyabansal/Desktop/CRM Application/utils/objectConverter.js": {"path":"/Users/riyabansal/Desktop/CRM Application/utils/objectConverter.js","statementMap":{"0":{"start":{"line":2,"column":0},"end":{"line":16,"column":1}},"1":{"start":{"line":4,"column":4},"end":{"line":4,"column":20}},"2":{"start":{"line":5,"column":4},"end":{"line":13,"column":7}},"3":{"start":{"line":6,"column":8},"end":{"line":12,"column":11}},"4":{"start":{"line":15,"column":4},"end":{"line":15,"column":22}},"5":{"start":{"line":18,"column":0},"end":{"line":30,"column":1}},"6":{"start":{"line":19,"column":4},"end":{"line":29,"column":5}},"7":{"start":{"line":32,"column":0},"end":{"line":49,"column":1}},"8":{"start":{"line":33,"column":4},"end":{"line":33,"column":22}},"9":{"start":{"line":34,"column":4},"end":{"line":46,"column":7}},"10":{"start":{"line":35,"column":8},"end":{"line":45,"column":10}},"11":{"start":{"line":47,"column":4},"end":{"line":47,"column":24}}},"fnMap":{"0":{"name":"(anonymous_0)","decl":{"start":{"line":2,"column":23},"end":{"line":2,"column":24}},"loc":{"start":{"line":2,"column":34},"end":{"line":16,"column":1}},"line":2},"1":{"name":"(anonymous_1)","decl":{"start":{"line":5,"column":18},"end":{"line":5,"column":19}},"loc":{"start":{"line":5,"column":26},"end":{"line":13,"column":5}},"line":5},"2":{"name":"(anonymous_2)","decl":{"start":{"line":18,"column":25},"end":{"line":18,"column":26}},"loc":{"start":{"line":18,"column":37},"end":{"line":30,"column":1}},"line":18},"3":{"name":"(anonymous_3)","decl":{"start":{"line":32,"column":29},"end":{"line":32,"column":30}},"loc":{"start":{"line":32,"column":42},"end":{"line":49,"column":1}},"line":32},"4":{"name":"(anonymous_4)","decl":{"start":{"line":34,"column":20},"end":{"line":34,"column":21}},"loc":{"start":{"line":34,"column":29},"end":{"line":46,"column":5}},"line":34}},"branchMap":{},"s":{"0":1,"1":2,"2":2,"3":2,"4":2,"5":1,"6":0,"7":1,"8":0,"9":0,"10":0,"11":0},"f":{"0":2,"1":2,"2":0,"3":0,"4":0},"b":{},"_coverageSchema":"1a1c01bbd47fc00a2c39e90264f33305004495a9","hash":"c840935868f7be7b41ae4ae9fa8945b523fa7d30"}
}
