TN:
SF:controllers/ticket.controller.js
FN:11,(anonymous_0)
FN:76,(anonymous_1)
FN:130,(anonymous_2)
FN:162,(anonymous_3)
FNF:4
FNH:1
FNDA:1,(anonymous_0)
FNDA:0,(anonymous_1)
FNDA:0,(anonymous_2)
FNDA:0,(anonymous_3)
DA:1,1
DA:2,1
DA:3,1
DA:4,1
DA:5,1
DA:11,1
DA:13,1
DA:25,1
DA:31,1
DA:33,1
DA:34,1
DA:36,1
DA:38,1
DA:42,1
DA:43,1
DA:45,1
DA:46,1
DA:53,1
DA:55,1
DA:58,0
DA:59,0
DA:76,1
DA:79,0
DA:80,0
DA:81,0
DA:82,0
DA:85,0
DA:88,0
DA:89,0
DA:92,0
DA:94,0
DA:97,0
DA:98,0
DA:101,0
DA:105,0
DA:106,0
DA:108,0
DA:114,0
DA:118,0
DA:121,0
DA:123,0
DA:124,0
DA:130,1
DA:139,0
DA:141,0
DA:142,0
DA:145,0
DA:149,0
DA:151,0
DA:152,0
DA:154,0
DA:157,0
DA:159,0
DA:162,1
DA:164,0
DA:168,0
LF:56
LH:22
BRDA:36,0,0,1
BRDA:36,0,1,0
BRDA:81,1,0,0
BRDA:81,1,1,0
BRDA:98,2,0,0
BRDA:98,2,1,0
BRDA:98,3,0,0
BRDA:98,3,1,0
BRDA:98,3,2,0
BRDA:101,4,0,0
BRDA:101,4,1,0
BRDA:102,5,0,0
BRDA:102,5,1,0
BRDA:103,6,0,0
BRDA:103,6,1,0
BRDA:104,7,0,0
BRDA:104,7,1,0
BRDA:105,8,0,0
BRDA:105,8,1,0
BRDA:141,9,0,0
BRDA:141,9,1,0
BRDA:149,10,0,0
BRDA:149,10,1,0
BRDA:151,11,0,0
BRDA:151,11,1,0
BRF:25
BRH:1
end_of_record
TN:
SF:controllers/user.controller.js
FN:6,(anonymous_0)
FN:81,(anonymous_1)
FN:97,(anonymous_2)
FNF:3
FNH:3
FNDA:2,(anonymous_0)
FNDA:2,(anonymous_1)
FNDA:2,(anonymous_2)
DA:2,1
DA:3,1
DA:6,1
DA:8,2
DA:9,2
DA:10,2
DA:15,2
DA:16,0
DA:17,0
DA:21,0
DA:22,0
DA:26,2
DA:28,0
DA:30,0
DA:35,0
DA:36,0
DA:39,0
DA:41,2
DA:42,0
DA:44,0
DA:48,0
DA:49,0
DA:52,0
DA:54,2
DA:55,0
DA:56,0
DA:60,0
DA:61,0
DA:64,0
DA:67,2
DA:68,2
DA:70,1
DA:71,1
DA:74,1
DA:78,1
DA:81,1
DA:82,2
DA:84,2
DA:88,2
DA:89,1
DA:91,1
DA:97,1
DA:99,2
DA:101,2
DA:103,2
DA:111,1
DA:117,1
DA:118,1
LF:48
LH:29
BRDA:15,0,0,0
BRDA:15,0,1,2
BRDA:26,1,0,0
BRDA:26,1,1,2
BRDA:26,2,0,2
BRDA:26,2,1,0
BRDA:41,3,0,0
BRDA:41,3,1,2
BRDA:54,4,0,0
BRDA:54,4,1,2
BRDA:88,5,0,1
BRDA:88,5,1,1
BRF:12
BRH:7
end_of_record
TN:
SF:models/ticket.model.js
FN:32,(anonymous_0)
FN:38,(anonymous_1)
FNF:2
FNH:2
FNDA:1,(anonymous_0)
FNDA:1,(anonymous_1)
DA:1,1
DA:3,1
DA:33,1
DA:39,1
DA:44,1
LF:5
LH:5
BRF:0
BRH:0
end_of_record
TN:
SF:models/user.model.js
FN:28,(anonymous_0)
FN:34,(anonymous_1)
FNF:2
FNH:0
FNDA:0,(anonymous_0)
FNDA:0,(anonymous_1)
DA:2,2
DA:4,2
DA:29,0
DA:35,0
DA:58,2
LF:5
LH:3
BRF:0
BRH:0
end_of_record
TN:
SF:tests/db.js
FN:6,(anonymous_0)
FN:21,(anonymous_1)
FN:29,(anonymous_2)
FNF:3
FNH:3
FNDA:1,(anonymous_0)
FNDA:1,(anonymous_1)
FNDA:1,(anonymous_2)
DA:1,1
DA:2,1
DA:6,1
DA:8,1
DA:9,1
DA:10,1
DA:11,1
DA:15,1
DA:21,1
DA:22,1
DA:23,1
DA:24,1
DA:25,1
DA:29,1
DA:30,1
DA:31,1
DA:33,2
DA:34,2
LF:18
LH:18
BRDA:8,0,0,1
BRDA:8,0,1,0
BRDA:24,1,0,1
BRDA:24,1,1,0
BRF:4
BRH:2
end_of_record
TN:
SF:tests/interceptor.js
FN:4,(anonymous_0)
FN:11,(anonymous_1)
FNF:2
FNH:2
FNDA:7,(anonymous_0)
FNDA:7,(anonymous_1)
DA:2,2
DA:5,7
DA:6,7
DA:8,7
DA:12,7
DA:13,7
DA:15,7
LF:7
LH:7
BRF:0
BRH:0
end_of_record
TN:
SF:utils/NotificationClient.js
FN:7,(anonymous_0)
FN:26,(anonymous_1)
FNF:2
FNH:2
FNDA:1,(anonymous_0)
FNDA:1,(anonymous_1)
DA:2,1
DA:4,1
DA:6,1
DA:7,1
DA:9,1
DA:17,1
DA:26,1
DA:27,1
DA:28,1
LF:9
LH:9
BRF:0
BRH:0
end_of_record
TN:
SF:utils/constants.js
FNF:0
FNH:0
DA:3,1
LF:1
LH:1
BRF:0
BRH:0
end_of_record
TN:
SF:utils/objectConverter.js
FN:2,(anonymous_0)
FN:5,(anonymous_1)
FN:18,(anonymous_2)
FN:32,(anonymous_3)
FN:34,(anonymous_4)
FNF:5
FNH:3
FNDA:2,(anonymous_0)
FNDA:2,(anonymous_1)
FNDA:1,(anonymous_2)
FNDA:0,(anonymous_3)
FNDA:0,(anonymous_4)
DA:2,2
DA:4,2
DA:5,2
DA:6,2
DA:15,2
DA:18,2
DA:19,1
DA:32,2
DA:33,0
DA:34,0
DA:35,0
DA:47,0
LF:12
LH:8
BRF:0
BRH:0
end_of_record
