TN:
SF:controllers/user.controller.js
FN:6,(anonymous_0)
FN:78,(anonymous_1)
FN:94,(anonymous_2)
FNF:3
FNH:3
FNDA:2,(anonymous_0)
FNDA:2,(anonymous_1)
FNDA:2,(anonymous_2)
DA:2,1
DA:3,1
DA:6,1
DA:8,2
DA:9,2
DA:10,2
DA:15,2
DA:16,0
DA:17,0
DA:21,0
DA:22,0
DA:26,2
DA:28,0
DA:30,0
DA:35,0
DA:36,0
DA:40,2
DA:41,0
DA:43,0
DA:47,0
DA:48,0
DA:52,2
DA:53,0
DA:54,0
DA:58,0
DA:59,0
DA:64,2
DA:65,2
DA:67,1
DA:68,1
DA:71,1
DA:75,1
DA:78,1
DA:79,2
DA:81,2
DA:85,2
DA:86,1
DA:88,1
DA:94,1
DA:96,2
DA:98,2
DA:100,2
DA:108,1
DA:114,1
DA:115,1
LF:45
LH:29
BRDA:15,0,0,0
BRDA:15,0,1,2
BRDA:26,1,0,0
BRDA:26,1,1,2
BRDA:26,2,0,2
BRDA:26,2,1,0
BRDA:40,3,0,0
BRDA:40,3,1,2
BRDA:52,4,0,0
BRDA:52,4,1,2
BRDA:85,5,0,1
BRDA:85,5,1,1
BRF:12
BRH:7
end_of_record
TN:
SF:models/user.model.js
FN:28,(anonymous_0)
FN:34,(anonymous_1)
FNF:2
FNH:0
FNDA:0,(anonymous_0)
FNDA:0,(anonymous_1)
DA:2,1
DA:4,1
DA:29,0
DA:35,0
DA:58,1
LF:5
LH:3
BRF:0
BRH:0
end_of_record
TN:
SF:tests/interceptor.js
FN:4,(anonymous_0)
FN:11,(anonymous_1)
FNF:2
FNH:2
FNDA:6,(anonymous_0)
FNDA:6,(anonymous_1)
DA:2,1
DA:5,6
DA:6,6
DA:8,6
DA:12,6
DA:13,6
DA:15,6
LF:7
LH:7
BRF:0
BRH:0
end_of_record
TN:
SF:utils/objectConverter.js
FN:2,(anonymous_0)
FN:5,(anonymous_1)
FN:18,(anonymous_2)
FN:32,(anonymous_3)
FN:34,(anonymous_4)
FNF:5
FNH:2
FNDA:2,(anonymous_0)
FNDA:2,(anonymous_1)
FNDA:0,(anonymous_2)
FNDA:0,(anonymous_3)
FNDA:0,(anonymous_4)
DA:2,1
DA:4,2
DA:5,2
DA:6,2
DA:15,2
DA:18,1
DA:19,0
DA:32,1
DA:33,0
DA:34,0
DA:35,0
DA:47,0
LF:12
LH:7
BRF:0
BRH:0
end_of_record
